41.106136
93.232689
62.274330
124.318184
-41.043587
-20.590469
-79.653152
-80.028404
82.149719
-113.823158
141.927490
-204.346588
25.270781
38.309200
50.111080
75.074104
89.273750
96.070625
89.273750
96.070625
-48.659958
-28.601204
-82.368843
-76.693527
137.933716
-124.671829
171.642593
-172.764160
62.840862
64.652626
62.840862
64.652626
137.048492
244.467590
78.270721
163.792831
-4.879000
40.121002
-3.879000
39.121002
141.927490
-204.346588
82.149719
-124.671829
76.900002
115.349998
38.450001
58.718277
92.520432
113.637932
92.520432
113.637932
-14.682812
-17.283146
-14.682812
-17.283146
107.203247
-130.921082
107.203247
-130.921082
21.256794
32.193287
21.256794
32.193287
110.903244
144.621078
110.903244
144.621078
3.700000
13.700001
3.700000
13.700001
107.203247
-130.921082
107.203247
-130.921082
16.943130
25.799479
16.943130
25.799479
145.427490
252.846588
86.649719
172.171829
3.500000
48.500000
4.500000
47.500000
141.927490
-204.346588
82.149719
-124.671829
77.355141
115.653923
39.352386
59.313095
0.000000
0.000000
25.000000
25.000000
204.346588
-172.764160
-987654.000000
987654.000000
-204.346588
-172.764160
987654.000000
987654.000000
10.000000
10.000000
15.000000
15.000000
13.593750
20.390625
13.593750
20.390625
-93.609489
-110.530457
-93.609489
-152.373535
107.203239
-130.921082
107.203239
-172.764160
13.593750
20.390625
13.593750
20.390625
65.183754
71.980629
65.183754
71.980629
-42.019485
-58.940449
-42.019485
-58.940449
107.203239
-130.921082
107.203239
-130.921082
51.379929
53.580639
51.379929
53.580639
92.520432
113.637932
92.520432
113.637932
-14.682812
-17.283146
-14.682812
-17.283146
107.203247
-130.921082
107.203247
-130.921082
21.256794
32.193287
21.256794
32.193287
40.330002
45.330002
40.330002
45.330002
-132.644302
-159.016586
-73.146606
-68.493149
172.974304
-204.346588
113.476608
-113.823151
36.775028
40.649757
38.436996
43.329006
10.410000
11.410000
10.410000
11.410000
-131.517487
-159.172607
-71.739723
-67.826256
141.927490
-170.582611
82.149719
-79.236252
31.499672
41.136715
31.499672
41.136715
37.626137
89.752686
58.794331
120.838181
-44.523586
-24.070469
-83.133156
-83.508408
82.149719
-113.823151
141.927490
-204.346588
25.049789
38.163784
50.000000
75.000000
0.000000
5.000000
0.000000
5.000000
-172.974304
-199.346588
-113.476608
-108.823151
172.974304
-204.346588
113.476608
-113.823151
10.000000
20.000000
15.000000
25.000000
0.000000
1.000000
0.000000
1.000000
-141.927490
-169.582611
-82.149719
-78.236252
141.927490
-170.582611
82.149719
-79.236252
30.000000
40.000000
30.000000
40.000000
0.000000
0.000000
25.000000
25.000000
204.346588
-172.764160
-987654.000000
987654.000000
-204.346588
-172.764160
987654.000000
987654.000000
10.000000
10.000000
15.000000
15.000000
117.203247
150.921082
117.203247
150.921082
10.000000
20.000000
10.000000
20.000000
107.203247
-130.921082
107.203247
-130.921082
18.076494
26.557543
18.076494
26.557543
