0.000000
0.000000
1.000000
1.000000
42.565681
41.565681
53.828522
54.828522
-42.565681
-41.565681
52.828522
53.828522
29.114319
29.114319
47.791481
47.791481
70.680000
71.680000
101.620003
100.620003
-41.565681
-42.565681
53.828522
52.828522
53.120003
27.080000
67.180000
40.620003
-987654.000000
-987654.000000
987654.000000
987654.000000
987654.000000
987654.000000
987654.000000
987654.000000
41.655998
67.695999
66.488998
93.048996
-987654.000000
-987654.000000
987654.000000
987654.000000
987654.000000
987654.000000
987654.000000
987654.000000
33.122322
60.484642
132.843124
173.712433
70.680000
71.680000
115.680000
114.680008
-37.557678
-11.195358
-17.163124
-59.032425
53.120003
27.080000
67.180000
40.620003
112.152428
-987654.000000
-42.904156
987654.000000
-59.032425
987654.000000
-110.084152
987654.000000
65.951256
65.951256
86.426880
86.426880
10.000000
10.000000
-23.657280
-4.603609
55.951256
55.951256
-110.084160
-91.030487
0.000000
25.000000
0.000000
25.000000
-987654.000000
84.032425
987654.000000
-85.084152
987654.000000
-59.032425
987654.000000
-110.084152
53.120003
27.080000
67.180000
40.620003
112.152428
-987654.000000
-42.904156
987654.000000
-59.032425
987654.000000
-110.084152
987654.000000
0.000000
0.000000
5.000000
5.000000
-17.131199
-5.540800
-23.898399
-6.354399
17.131199
5.540800
-28.898399
-11.354399
65.951256
65.951256
86.426880
86.426880
-17.735500
-5.100804
-23.657280
-4.603609
83.686752
71.052063
-110.084160
-91.030487
15.540800
27.131199
111.030487
130.084167
10.000000
10.000000
20.000000
20.000000
5.540800
17.131199
-91.030487
-110.084167
0.000000
0.000000
1.000000
1.000000
11.195358
37.557678
20.753517
62.954521
-11.195358
-37.557678
19.753517
61.954521
65.951256
65.951256
86.426880
86.426880
14.858456
41.035381
27.394455
69.263748
51.092800
24.915874
-59.032425
-17.163132
33.122322
60.484642
132.843124
173.712433
70.680000
71.680000
115.680000
114.680008
-37.557678
-11.195358
-17.163124
-59.032425
29.114319
29.114319
47.791481
47.791481
70.680000
71.680000
101.620003
100.620003
-41.565681
-42.565681
53.828522
52.828522
53.120003
27.080000
67.180000
40.620003
28.204132
-987654.000000
8.147579
987654.000000
24.915871
987654.000000
-59.032421
987654.000000
65.951256
65.951256
86.426880
86.426880
14.858456
41.035381
27.394455
69.263748
51.092800
24.915874
-59.032425
-17.163132
0.000000
0.000000
5.000000
5.000000
-17.131199
-5.540800
-23.898399
-6.354399
17.131199
5.540800
-28.898399
-11.354399
0.000000
0.000000
1.000000
1.000000
11.195358
37.557678
20.753517
62.954521
-11.195358
-37.557678
19.753517
61.954521
0.000000
0.000000
1.000000
1.000000
42.565681
41.565681
53.828522
54.828522
-42.565681
-41.565681
52.828522
53.828522
0.000000
25.000000
0.000000
25.000000
-987654.000000
84.032425
987654.000000
-85.084152
987654.000000
-59.032425
987654.000000
-110.084152
15.540800
27.131199
111.030487
130.084167
10.000000
10.000000
20.000000
20.000000
5.540800
17.131199
-91.030487
-110.084167
65.951256
65.951256
86.426880
86.426880
10.000000
10.000000
20.000000
20.000000
55.951256
55.951256
-66.426880
-66.426880
41.655998
67.695999
66.488998
93.048996
-987654.000000
-987654.000000
987654.000000
987654.000000
987654.000000
987654.000000
987654.000000
987654.000000
