0.000000
1.000000
0.000000
1.000000
42.565681
53.828522
41.565681
54.828522
-42.565681
52.828522
-41.565681
53.828522
30.000000
40.000000
30.000000
40.000000
29.114319
47.791481
29.114319
47.791481
70.680000
101.620003
71.680000
100.620003
-41.565681
53.828522
-42.565681
52.828522
27.468361
41.547539
27.468361
41.547539
53.120003
67.180000
27.080000
40.620003
-987654.000000
987654.000000
-987654.000000
987654.000000
987654.000000
987654.000000
987654.000000
987654.000000
30.000000
45.000000
30.000000
45.000000
41.655998
66.488998
67.695999
93.048996
-987654.000000
987654.000000
-987654.000000
987654.000000
987654.000000
987654.000000
987654.000000
987654.000000
10.976000
18.858000
10.976000
18.858000
33.122322
132.843124
60.484642
173.712433
70.680000
115.680000
71.680000
114.680008
-37.557678
-17.163124
-11.195358
-59.032425
32.450001
48.851158
64.900002
97.349998
53.120003
67.180000
27.080000
40.620003
112.152428
-42.904156
-987654.000000
987654.000000
-59.032425
-110.084152
987654.000000
987654.000000
30.000000
45.000000
30.000000
45.000000
65.951256
86.426880
65.951256
86.426880
10.000000
-23.657280
10.000000
-4.603609
55.951256
-110.084160
55.951256
-91.030487
12.831250
19.246876
12.831250
19.246876
0.000000
0.000000
25.000000
25.000000
-987654.000000
987654.000000
84.032425
-85.084152
987654.000000
987654.000000
-59.032425
-110.084152
10.000000
10.000000
15.000000
15.000000
53.120003
67.180000
27.080000
40.620003
112.152428
-42.904156
-987654.000000
987654.000000
-59.032425
-110.084152
987654.000000
987654.000000
30.000000
45.000000
30.000000
45.000000
0.000000
5.000000
0.000000
5.000000
-17.131199
-23.898399
-5.540800
-6.354399
17.131199
-28.898399
5.540800
-11.354399
10.000000
20.000000
15.000000
25.000000
65.951256
86.426880
65.951256
86.426880
-17.735500
-23.657280
-5.100804
-4.603609
83.686752
-110.084160
71.052063
-91.030487
12.831250
19.246876
12.831250
19.246876
15.540800
111.030487
27.131199
130.084167
10.000000
20.000000
10.000000
20.000000
5.540800
-91.030487
17.131199
-110.084167
15.125299
22.980000
30.000000
45.000000
0.000000
1.000000
0.000000
1.000000
11.195358
20.753517
37.557678
62.954521
-11.195358
19.753517
-37.557678
61.954521
30.000000
40.000000
30.000000
40.000000
65.951256
86.426880
65.951256
86.426880
14.858456
27.394455
41.035381
69.263748
51.092800
-59.032425
24.915874
-17.163132
12.831250
19.246876
12.831250
19.246876
33.122322
132.843124
60.484642
173.712433
70.680000
115.680000
71.680000
114.680008
-37.557678
-17.163124
-11.195358
-59.032425
32.450001
48.851158
64.900002
97.349998
29.114319
47.791481
29.114319
47.791481
70.680000
101.620003
71.680000
100.620003
-41.565681
53.828522
-42.565681
52.828522
27.468361
41.547539
27.468361
41.547539
53.120003
67.180000
27.080000
40.620003
28.204132
8.147579
-987654.000000
987654.000000
24.915871
-59.032421
987654.000000
987654.000000
30.000000
45.000000
30.000000
45.000000
65.951256
86.426880
65.951256
86.426880
14.858456
27.394455
41.035381
69.263748
51.092800
-59.032425
24.915874
-17.163132
12.831250
19.246876
12.831250
19.246876
0.000000
5.000000
0.000000
5.000000
-17.131199
-23.898399
-5.540800
-6.354399
17.131199
-28.898399
5.540800
-11.354399
10.000000
20.000000
15.000000
25.000000
0.000000
1.000000
0.000000
1.000000
11.195358
20.753517
37.557678
62.954521
-11.195358
19.753517
-37.557678
61.954521
30.000000
40.000000
30.000000
40.000000
0.000000
1.000000
0.000000
1.000000
42.565681
53.828522
41.565681
54.828522
-42.565681
52.828522
-41.565681
53.828522
30.000000
40.000000
30.000000
40.000000
0.000000
0.000000
25.000000
25.000000
-987654.000000
987654.000000
84.032425
-85.084152
987654.000000
987654.000000
-59.032425
-110.084152
10.000000
10.000000
15.000000
15.000000
15.540800
111.030487
27.131199
130.084167
10.000000
20.000000
10.000000
20.000000
5.540800
-91.030487
17.131199
-110.084167
15.125299
22.980000
30.000000
45.000000
65.951256
86.426880
65.951256
86.426880
10.000000
20.000000
10.000000
20.000000
55.951256
-66.426880
55.951256
-66.426880
12.831250
19.246876
12.831250
19.246876
41.655998
66.488998
67.695999
93.048996
-987654.000000
987654.000000
-987654.000000
987654.000000
987654.000000
987654.000000
987654.000000
987654.000000
10.976000
18.858000
10.976000
18.858000
