6.844935
7.967869
10.030807
11.412089
-8.859765
-8.673916
-11.608003
-11.519301
15.704700
16.641785
-21.638809
-22.931391
0.246164
0.246164
0.246164
0.246164
-16.395620
-15.458536
-20.053711
-18.901819
16.641785
15.704700
-20.299875
-19.147984
0.137424
0.137424
0.137424
0.137424
-18.874884
-17.810780
-22.793968
-21.501387
19.012308
17.948204
-22.931393
-21.638811
6.728766
7.851418
21.391207
21.398335
0.333768
1.412030
-1.540184
-0.240474
6.394998
6.439387
-22.931391
-21.638809
0.126216
0.126216
0.126216
0.126216
-6.313171
-6.268782
-8.778749
-8.838177
6.439387
6.394998
-8.904965
-8.964393
6.920667
8.043601
10.106540
11.487822
-8.784033
-8.598184
-11.532270
-11.443569
15.704700
16.641785
-21.638809
-22.931391
6.807025
7.929677
21.469465
21.476593
0.412027
1.490289
1.503764
2.693828
6.394998
6.439388
-19.965702
-18.782764
5.622340
6.838686
20.139441
20.267113
-2.044399
-0.838976
-1.203095
0.118521
7.666739
7.677661
-21.342537
-20.148592
15.202515
15.158125
30.911720
32.105663
8.763127
8.763127
10.763127
10.763127
6.439387
6.394998
-20.148594
-21.342537
5.593960
6.807799
8.933237
10.431372
0.135476
1.203722
1.214660
2.391997
5.458484
5.604077
-7.718577
-8.039375
0.117937
0.117937
0.117937
0.117937
-5.486141
-5.340548
-5.002181
-4.838550
5.604077
5.458484
-5.120118
-4.956487
0.267948
0.267948
0.267948
0.267948
-7.991545
-7.704811
-7.771427
-7.450629
8.259493
7.972758
-8.039375
-7.718577
5.615399
6.831745
20.132500
20.260172
-2.051340
-0.845917
-1.210036
0.111580
7.666739
7.677661
-21.342537
-20.148592
0.170439
0.170439
0.170439
0.170439
-7.507223
-7.496300
-7.251041
-7.228921
7.677661
7.666739
-7.421480
-7.399360
6.928403
8.051337
10.114276
11.495558
-10.004912
-9.837880
-10.034316
-9.846977
16.933315
17.889217
-20.148592
-21.342535
6.794257
7.916909
21.456697
21.463825
-2.298792
-1.114435
-1.474693
-0.174983
9.093049
9.031343
-22.931391
-21.638809
5.633425
6.847264
8.972702
10.470837
0.174941
1.243187
1.254125
2.431461
5.458484
5.604077
-7.718577
-8.039375
14.264751
14.119158
32.299484
33.592064
8.660674
8.660674
10.660674
10.660674
5.604077
5.458484
-21.638809
-22.931389
0.000000
0.000000
0.000000
0.000000
-5.604077
-5.458484
-5.120118
-4.956487
5.604077
5.458484
-5.120118
-4.956487
0.000000
0.000000
0.000000
0.000000
-7.677661
-7.666739
-7.421480
-7.399360
7.677661
7.666739
-7.421480
-7.399360
0.000000
0.000000
0.000000
0.000000
-8.259493
-7.972758
-20.299875
-19.147984
8.259493
7.972758
-20.299875
-19.147984
0.000000
0.000000
0.000000
0.000000
-6.439387
-6.394998
-8.904965
-8.964393
6.439387
6.394998
-8.904965
-8.964393
0.000000
0.000000
0.000000
0.000000
-19.012308
-17.948204
-22.931393
-21.638811
19.012308
17.948204
-22.931393
-21.638811
15.439387
15.394998
31.148592
32.342537
9.000000
9.000000
11.000000
11.000000
6.439387
6.394998
-20.148592
-21.342537
14.604077
14.458484
32.638809
33.931389
9.000000
9.000000
11.000000
11.000000
5.604077
5.458484
-21.638809
-22.931389
