33.314331
33.314331
0.000000
0.000000
0.000000
0.000000
35.717194
35.717194
16.720947
16.720947
0.000000
0.000000
0.000000
0.000000
17.928436
17.928436
0.000000
0.000000
0.000000
0.000000
0.000000
0.000000
0.000000
0.000000
3.396358
3.396358
0.000000
0.000000
0.000000
0.000000
3.642632
3.642632
0.000000
0.000000
0.000000
0.000000
0.000000
0.000000
0.000000
0.000000
0.000000
0.000000
0.000000
0.000000
0.000000
0.000000
0.000000
0.000000
0.000000
0.000000
0.000000
0.000000
0.000000
0.000000
0.000000
0.000000
0.000000
0.000000
0.000000
0.000000
0.000000
0.000000
0.000000
0.000000
0.000000
0.000000
0.000000
0.000000
0.000000
0.000000
0.000000
0.000000
16.720947
16.720947
0.000000
0.000000
0.000000
0.000000
17.928436
17.928436
3.396358
3.396358
0.000000
0.000000
0.000000
0.000000
3.642632
3.642632
16.720947
16.720947
0.000000
0.000000
0.000000
0.000000
17.928436
17.928436
33.314331
33.314331
0.000000
0.000000
0.000000
0.000000
35.717194
35.717194
0.000000
0.000000
0.000000
0.000000
0.000000
0.000000
0.000000
0.000000
0.000000
0.000000
0.000000
0.000000
0.000000
0.000000
0.000000
0.000000
0.000000
0.000000
0.000000
0.000000
0.000000
0.000000
0.000000
0.000000
3.396358
3.396358
0.000000
0.000000
0.000000
0.000000
3.642632
3.642632
16.720947
16.720947
0.000000
0.000000
0.000000
0.000000
17.928436
17.928436
16.720947
16.720947
0.000000
0.000000
0.000000
0.000000
17.928436
17.928436
20.071823
20.071823
0.000000
0.000000
0.000000
0.000000
21.521591
21.521591
0.000000
0.000000
0.000000
0.000000
0.000000
0.000000
0.000000
0.000000
3.396358
3.396358
0.000000
0.000000
0.000000
0.000000
3.642632
3.642632
0.000000
0.000000
0.000000
0.000000
0.000000
0.000000
0.000000
0.000000
0.000000
0.000000
0.000000
0.000000
0.000000
0.000000
0.000000
0.000000
0.000000
0.000000
0.000000
0.000000
0.000000
0.000000
0.000000
0.000000
0.000000
0.000000
0.000000
0.000000
0.000000
0.000000
0.000000
0.000000
0.000000
0.000000
0.000000
0.000000
0.000000
0.000000
0.000000
0.000000
20.071823
20.071823
0.000000
0.000000
0.000000
0.000000
21.521591
21.521591
3.396358
3.396358
0.000000
0.000000
0.000000
0.000000
3.642632
3.642632
20.071823
20.071823
0.000000
0.000000
0.000000
0.000000
21.521591
21.521591
16.720947
16.720947
0.000000
0.000000
0.000000
0.000000
17.928436
17.928436
0.000000
0.000000
0.000000
0.000000
0.000000
0.000000
0.000000
0.000000
0.000000
0.000000
0.000000
0.000000
0.000000
0.000000
0.000000
0.000000
0.000000
0.000000
0.000000
0.000000
0.000000
0.000000
0.000000
0.000000
3.396358
3.396358
0.000000
0.000000
0.000000
0.000000
3.642632
3.642632
20.071823
20.071823
0.000000
0.000000
0.000000
0.000000
21.521591
21.521591
0.000000
0.000000
0.000000
0.000000
0.000000
0.000000
0.000000
0.000000
0.000000
0.000000
0.000000
0.000000
0.000000
0.000000
0.000000
0.000000
20.022522
20.022522
0.000000
0.000000
0.000000
0.000000
21.467575
21.467575
0.000000
0.000000
0.000000
0.000000
0.000000
0.000000
0.000000
0.000000
6.673416
6.673416
0.000000
0.000000
0.000000
0.000000
7.154884
7.154884
6.673416
6.673416
0.000000
0.000000
0.000000
0.000000
7.154884
7.154884
6.673416
6.673416
0.000000
0.000000
0.000000
0.000000
7.154884
7.154884
6.673416
6.673416
0.000000
0.000000
0.000000
0.000000
7.154884
7.154884
10.066254
10.066254
0.000000
0.000000
0.000000
0.000000
10.793716
10.793716
0.000000
0.000000
0.000000
0.000000
0.000000
0.000000
0.000000
0.000000
0.000000
0.000000
0.000000
0.000000
0.000000
0.000000
0.000000
0.000000
0.000000
0.000000
0.000000
0.000000
0.000000
0.000000
0.000000
0.000000
0.000000
0.000000
0.000000
0.000000
0.000000
0.000000
0.000000
0.000000
6.673416
6.673416
0.000000
0.000000
0.000000
0.000000
7.154884
7.154884
6.673416
6.673416
0.000000
0.000000
0.000000
0.000000
7.154884
7.154884
6.673416
6.673416
0.000000
0.000000
0.000000
0.000000
7.154884
7.154884
0.000000
0.000000
0.000000
0.000000
0.000000
0.000000
0.000000
0.000000
0.000000
0.000000
0.000000
0.000000
0.000000
0.000000
0.000000
0.000000
3.396358
3.396358
0.000000
0.000000
0.000000
0.000000
3.642632
3.642632
3.396358
3.396358
0.000000
0.000000
0.000000
0.000000
3.642632
3.642632
0.000000
0.000000
0.000000
0.000000
0.000000
0.000000
0.000000
0.000000
30.096191
30.096191
0.000000
0.000000
0.000000
0.000000
32.269836
32.269836
0.000000
0.000000
0.000000
0.000000
0.000000
0.000000
0.000000
0.000000
0.000000
0.000000
0.000000
0.000000
0.000000
0.000000
0.000000
0.000000
0.000000
0.000000
0.000000
0.000000
0.000000
0.000000
0.000000
0.000000
0.000000
0.000000
0.000000
0.000000
0.000000
0.000000
0.000000
0.000000
0.000000
0.000000
0.000000
0.000000
0.000000
0.000000
0.000000
0.000000
3.396358
3.396358
0.000000
0.000000
0.000000
0.000000
3.642632
3.642632
10.135010
10.135010
0.000000
0.000000
0.000000
0.000000
10.869019
10.869019
3.396358
3.396358
0.000000
0.000000
0.000000
0.000000
3.642632
3.642632
3.396358
3.396358
0.000000
0.000000
0.000000
0.000000
3.642632
3.642632
0.000000
0.000000
0.000000
0.000000
0.000000
0.000000
0.000000
0.000000
0.000000
0.000000
0.000000
0.000000
0.000000
0.000000
0.000000
0.000000
0.000000
0.000000
0.000000
0.000000
0.000000
0.000000
0.000000
0.000000
16.818497
16.818497
0.000000
0.000000
0.000000
0.000000
18.035339
18.035339
3.396358
3.396358
0.000000
0.000000
0.000000
0.000000
3.642632
3.642632
0.000000
0.000000
0.000000
0.000000
0.000000
0.000000
0.000000
0.000000
0.000000
0.000000
0.000000
0.000000
0.000000
0.000000
0.000000
0.000000
6.673416
6.673416
0.000000
0.000000
0.000000
0.000000
7.154884
7.154884
0.000000
0.000000
0.000000
0.000000
0.000000
0.000000
0.000000
0.000000
30.248291
30.248291
0.000000
0.000000
0.000000
0.000000
32.436646
32.436646
13.416504
13.416504
0.000000
0.000000
0.000000
0.000000
14.386002
14.386002
26.917236
26.917236
0.000000
0.000000
0.000000
0.000000
28.865112
28.865112
23.514252
23.514252
0.000000
0.000000
0.000000
0.000000
25.214996
25.214996
6.673416
6.673416
0.000000
0.000000
0.000000
0.000000
7.154884
7.154884
0.000000
0.000000
0.000000
0.000000
0.000000
0.000000
0.000000
0.000000
0.000000
0.000000
0.000000
0.000000
0.000000
0.000000
0.000000
0.000000
0.000000
0.000000
0.000000
0.000000
0.000000
0.000000
0.000000
0.000000
0.000000
0.000000
0.000000
0.000000
0.000000
0.000000
0.000000
0.000000
16.798721
16.798721
0.000000
0.000000
0.000000
0.000000
18.013885
18.013885
26.917236
26.917236
0.000000
0.000000
0.000000
0.000000
28.865112
28.865112
13.416504
13.416504
0.000000
0.000000
0.000000
0.000000
14.386002
14.386002
0.000000
0.000000
0.000000
0.000000
0.000000
0.000000
0.000000
0.000000
0.000000
0.000000
0.000000
0.000000
0.000000
0.000000
0.000000
0.000000
0.000000
0.000000
0.000000
0.000000
0.000000
0.000000
0.000000
0.000000
0.000000
0.000000
0.000000
0.000000
0.000000
0.000000
0.000000
0.000000
6.673416
6.673416
0.000000
0.000000
0.000000
0.000000
7.154884
7.154884
0.000000
0.000000
0.000000
0.000000
0.000000
0.000000
0.000000
0.000000
13.416504
13.416504
0.000000
0.000000
0.000000
0.000000
14.386002
14.386002
13.416504
13.416504
0.000000
0.000000
0.000000
0.000000
14.386002
14.386002
13.416504
13.416504
0.000000
0.000000
0.000000
0.000000
14.386002
14.386002
13.416504
13.416504
0.000000
0.000000
0.000000
0.000000
14.386002
14.386002
6.673416
6.673416
0.000000
0.000000
0.000000
0.000000
7.154884
7.154884
0.000000
0.000000
0.000000
0.000000
0.000000
0.000000
0.000000
0.000000
0.000000
0.000000
0.000000
0.000000
0.000000
0.000000
0.000000
0.000000
0.000000
0.000000
0.000000
0.000000
0.000000
0.000000
0.000000
0.000000
0.000000
0.000000
0.000000
0.000000
0.000000
0.000000
0.000000
0.000000
13.416504
13.416504
0.000000
0.000000
0.000000
0.000000
14.386002
14.386002
13.416504
13.416504
0.000000
0.000000
0.000000
0.000000
14.386002
14.386002
13.416504
13.416504
0.000000
0.000000
0.000000
0.000000
14.386002
14.386002
0.000000
0.000000
0.000000
0.000000
0.000000
0.000000
0.000000
0.000000
0.000000
0.000000
0.000000
0.000000
0.000000
0.000000
0.000000
0.000000
0.000000
0.000000
0.000000
0.000000
0.000000
0.000000
0.000000
0.000000
0.000000
0.000000
0.000000
0.000000
0.000000
0.000000
0.000000
0.000000
6.673416
6.673416
0.000000
0.000000
0.000000
0.000000
7.154884
7.154884
0.000000
0.000000
0.000000
0.000000
0.000000
0.000000
0.000000
0.000000
26.917236
26.917236
0.000000
0.000000
0.000000
0.000000
28.865112
28.865112
13.416504
13.416504
0.000000
0.000000
0.000000
0.000000
14.386002
14.386002
40.276611
40.276611
0.000000
0.000000
0.000000
0.000000
43.189026
43.189026
23.514252
23.514252
0.000000
0.000000
0.000000
0.000000
25.214996
25.214996
6.673416
6.673416
0.000000
0.000000
0.000000
0.000000
7.154884
7.154884
0.000000
0.000000
0.000000
0.000000
0.000000
0.000000
0.000000
0.000000
0.000000
0.000000
0.000000
0.000000
0.000000
0.000000
0.000000
0.000000
0.000000
0.000000
0.000000
0.000000
0.000000
0.000000
0.000000
0.000000
0.000000
0.000000
0.000000
0.000000
0.000000
0.000000
0.000000
0.000000
16.798721
16.798721
0.000000
0.000000
0.000000
0.000000
18.013885
18.013885
30.318939
30.318939
0.000000
0.000000
0.000000
0.000000
32.513733
32.513733
13.416504
13.416504
0.000000
0.000000
0.000000
0.000000
14.386002
14.386002
0.000000
0.000000
0.000000
0.000000
0.000000
0.000000
0.000000
0.000000
0.000000
0.000000
0.000000
0.000000
0.000000
0.000000
0.000000
0.000000
0.000000
0.000000
0.000000
0.000000
0.000000
0.000000
0.000000
0.000000
0.000000
0.000000
0.000000
0.000000
0.000000
0.000000
0.000000
0.000000
6.673416
6.673416
0.000000
0.000000
0.000000
0.000000
7.154884
7.154884
0.000000
0.000000
0.000000
0.000000
0.000000
0.000000
0.000000
0.000000
23.514252
23.514252
0.000000
0.000000
0.000000
0.000000
25.214996
25.214996
13.416504
13.416504
0.000000
0.000000
0.000000
0.000000
14.386002
14.386002
23.514252
23.514252
0.000000
0.000000
0.000000
0.000000
25.214996
25.214996
30.126007
30.126007
0.000000
0.000000
0.000000
0.000000
32.302765
32.302765
6.673416
6.673416
0.000000
0.000000
0.000000
0.000000
7.154884
7.154884
0.000000
0.000000
0.000000
0.000000
0.000000
0.000000
0.000000
0.000000
0.000000
0.000000
0.000000
0.000000
0.000000
0.000000
0.000000
0.000000
0.000000
0.000000
0.000000
0.000000
0.000000
0.000000
0.000000
0.000000
0.000000
0.000000
0.000000
0.000000
0.000000
0.000000
0.000000
0.000000
16.798721
16.798721
0.000000
0.000000
0.000000
0.000000
18.013885
18.013885
23.514252
23.514252
0.000000
0.000000
0.000000
0.000000
25.214996
25.214996
13.416504
13.416504
0.000000
0.000000
0.000000
0.000000
14.386002
14.386002
0.000000
0.000000
0.000000
0.000000
0.000000
0.000000
0.000000
0.000000
0.000000
0.000000
0.000000
0.000000
0.000000
0.000000
0.000000
0.000000
0.000000
0.000000
0.000000
0.000000
0.000000
0.000000
0.000000
0.000000
0.000000
0.000000
0.000000
0.000000
0.000000
0.000000
0.000000
0.000000
10.066254
10.066254
0.000000
0.000000
0.000000
0.000000
10.793716
10.793716
0.000000
0.000000
0.000000
0.000000
0.000000
0.000000
0.000000
0.000000
6.673416
6.673416
0.000000
0.000000
0.000000
0.000000
7.154884
7.154884
6.673416
6.673416
0.000000
0.000000
0.000000
0.000000
7.154884
7.154884
6.673416
6.673416
0.000000
0.000000
0.000000
0.000000
7.154884
7.154884
6.673416
6.673416
0.000000
0.000000
0.000000
0.000000
7.154884
7.154884
20.021423
20.021423
0.000000
0.000000
0.000000
0.000000
21.466339
21.466339
0.000000
0.000000
0.000000
0.000000
0.000000
0.000000
0.000000
0.000000
0.000000
0.000000
0.000000
0.000000
0.000000
0.000000
0.000000
0.000000
0.000000
0.000000
0.000000
0.000000
0.000000
0.000000
0.000000
0.000000
0.000000
0.000000
0.000000
0.000000
0.000000
0.000000
0.000000
0.000000
6.673416
6.673416
0.000000
0.000000
0.000000
0.000000
7.154884
7.154884
6.673416
6.673416
0.000000
0.000000
0.000000
0.000000
7.154884
7.154884
6.673416
6.673416
0.000000
0.000000
0.000000
0.000000
7.154884
7.154884
0.000000
0.000000
0.000000
0.000000
0.000000
0.000000
0.000000
0.000000
0.000000
0.000000
0.000000
0.000000
0.000000
0.000000
0.000000
0.000000
16.720947
16.720947
0.000000
0.000000
0.000000
0.000000
17.928436
17.928436
20.071823
20.071823
0.000000
0.000000
0.000000
0.000000
21.521591
21.521591
0.000000
0.000000
0.000000
0.000000
0.000000
0.000000
0.000000
0.000000
3.396358
3.396358
0.000000
0.000000
0.000000
0.000000
3.642632
3.642632
0.000000
0.000000
0.000000
0.000000
0.000000
0.000000
0.000000
0.000000
0.000000
0.000000
0.000000
0.000000
0.000000
0.000000
0.000000
0.000000
0.000000
0.000000
0.000000
0.000000
0.000000
0.000000
0.000000
0.000000
0.000000
0.000000
0.000000
0.000000
0.000000
0.000000
0.000000
0.000000
0.000000
0.000000
0.000000
0.000000
0.000000
0.000000
0.000000
0.000000
43.379730
43.379730
0.000000
0.000000
0.000000
0.000000
46.510376
46.510376
3.396358
3.396358
0.000000
0.000000
0.000000
0.000000
3.642632
3.642632
26.835510
26.835510
0.000000
0.000000
0.000000
0.000000
28.775391
28.775391
16.720947
16.720947
0.000000
0.000000
0.000000
0.000000
17.928436
17.928436
0.000000
0.000000
0.000000
0.000000
0.000000
0.000000
0.000000
0.000000
0.000000
0.000000
0.000000
0.000000
0.000000
0.000000
0.000000
0.000000
0.000000
0.000000
0.000000
0.000000
0.000000
0.000000
0.000000
0.000000
3.396358
3.396358
0.000000
0.000000
0.000000
0.000000
3.642632
3.642632
23.460266
23.460266
0.000000
0.000000
0.000000
0.000000
25.155579
25.155579
3.396358
3.396358
0.000000
0.000000
0.000000
0.000000
3.642632
3.642632
3.396358
3.396358
0.000000
0.000000
0.000000
0.000000
3.642632
3.642632
0.000000
0.000000
0.000000
0.000000
0.000000
0.000000
0.000000
0.000000
10.135010
10.135010
0.000000
0.000000
0.000000
0.000000
10.869019
10.869019
0.000000
0.000000
0.000000
0.000000
0.000000
0.000000
0.000000
0.000000
0.000000
0.000000
0.000000
0.000000
0.000000
0.000000
0.000000
0.000000
0.000000
0.000000
0.000000
0.000000
0.000000
0.000000
0.000000
0.000000
0.000000
0.000000
0.000000
0.000000
0.000000
0.000000
0.000000
0.000000
0.000000
0.000000
0.000000
0.000000
0.000000
0.000000
0.000000
0.000000
3.396358
3.396358
0.000000
0.000000
0.000000
0.000000
3.642632
3.642632
10.135010
10.135010
0.000000
0.000000
0.000000
0.000000
10.869019
10.869019
3.396358
3.396358
0.000000
0.000000
0.000000
0.000000
3.642632
3.642632
3.396358
3.396358
0.000000
0.000000
0.000000
0.000000
3.642632
3.642632
0.000000
0.000000
0.000000
0.000000
0.000000
0.000000
0.000000
0.000000
0.000000
0.000000
0.000000
0.000000
0.000000
0.000000
0.000000
0.000000
0.000000
0.000000
0.000000
0.000000
0.000000
0.000000
0.000000
0.000000
10.135010
10.135010
0.000000
0.000000
0.000000
0.000000
10.869019
10.869019
3.396358
3.396358
0.000000
0.000000
0.000000
0.000000
3.642632
3.642632
16.720947
16.720947
0.000000
0.000000
0.000000
0.000000
17.928436
17.928436
20.071823
20.071823
0.000000
0.000000
0.000000
0.000000
21.521591
21.521591
0.000000
0.000000
0.000000
0.000000
0.000000
0.000000
0.000000
0.000000
3.396358
3.396358
0.000000
0.000000
0.000000
0.000000
3.642632
3.642632
0.000000
0.000000
0.000000
0.000000
0.000000
0.000000
0.000000
0.000000
0.000000
0.000000
0.000000
0.000000
0.000000
0.000000
0.000000
0.000000
0.000000
0.000000
0.000000
0.000000
0.000000
0.000000
0.000000
0.000000
0.000000
0.000000
0.000000
0.000000
0.000000
0.000000
0.000000
0.000000
0.000000
0.000000
0.000000
0.000000
0.000000
0.000000
0.000000
0.000000
26.835510
26.835510
0.000000
0.000000
0.000000
0.000000
28.775391
28.775391
3.396358
3.396358
0.000000
0.000000
0.000000
0.000000
3.642632
3.642632
26.835510
26.835510
0.000000
0.000000
0.000000
0.000000
28.775391
28.775391
16.720947
16.720947
0.000000
0.000000
0.000000
0.000000
17.928436
17.928436
0.000000
0.000000
0.000000
0.000000
0.000000
0.000000
0.000000
0.000000
0.000000
0.000000
0.000000
0.000000
0.000000
0.000000
0.000000
0.000000
0.000000
0.000000
0.000000
0.000000
0.000000
0.000000
0.000000
0.000000
3.396358
3.396358
0.000000
0.000000
0.000000
0.000000
3.642632
3.642632
23.460266
23.460266
0.000000
0.000000
0.000000
0.000000
25.155579
25.155579
33.314331
33.314331
0.000000
0.000000
0.000000
0.000000
35.717194
35.717194
16.720947
16.720947
0.000000
0.000000
0.000000
0.000000
17.928436
17.928436
0.000000
0.000000
0.000000
0.000000
0.000000
0.000000
0.000000
0.000000
3.396358
3.396358
0.000000
0.000000
0.000000
0.000000
3.642632
3.642632
0.000000
0.000000
0.000000
0.000000
0.000000
0.000000
0.000000
0.000000
0.000000
0.000000
0.000000
0.000000
0.000000
0.000000
0.000000
0.000000
0.000000
0.000000
0.000000
0.000000
0.000000
0.000000
0.000000
0.000000
0.000000
0.000000
0.000000
0.000000
0.000000
0.000000
0.000000
0.000000
0.000000
0.000000
0.000000
0.000000
0.000000
0.000000
0.000000
0.000000
16.720947
16.720947
0.000000
0.000000
0.000000
0.000000
17.928436
17.928436
3.396358
3.396358
0.000000
0.000000
0.000000
0.000000
3.642632
3.642632
16.720947
16.720947
0.000000
0.000000
0.000000
0.000000
17.928436
17.928436
39.930054
39.930054
0.000000
0.000000
0.000000
0.000000
42.809296
42.809296
0.000000
0.000000
0.000000
0.000000
0.000000
0.000000
0.000000
0.000000
0.000000
0.000000
0.000000
0.000000
0.000000
0.000000
0.000000
0.000000
0.000000
0.000000
0.000000
0.000000
0.000000
0.000000
0.000000
0.000000
3.396358
3.396358
0.000000
0.000000
0.000000
0.000000
3.642632
3.642632
16.720947
16.720947
0.000000
0.000000
0.000000
0.000000
17.928436
17.928436
0.000000
0.000000
0.000000
0.000000
0.000000
0.000000
0.000000
0.000000
0.000000
0.000000
0.000000
0.000000
0.000000
0.000000
0.000000
0.000000
6.673416
6.673416
0.000000
0.000000
0.000000
0.000000
7.154884
7.154884
0.000000
0.000000
0.000000
0.000000
0.000000
0.000000
0.000000
0.000000
16.798721
16.798721
0.000000
0.000000
0.000000
0.000000
18.013885
18.013885
13.416504
13.416504
0.000000
0.000000
0.000000
0.000000
14.386002
14.386002
16.798721
16.798721
0.000000
0.000000
0.000000
0.000000
18.013885
18.013885
16.798721
16.798721
0.000000
0.000000
0.000000
0.000000
18.013885
18.013885
6.673416
6.673416
0.000000
0.000000
0.000000
0.000000
7.154884
7.154884
0.000000
0.000000
0.000000
0.000000
0.000000
0.000000
0.000000
0.000000
0.000000
0.000000
0.000000
0.000000
0.000000
0.000000
0.000000
0.000000
0.000000
0.000000
0.000000
0.000000
0.000000
0.000000
0.000000
0.000000
0.000000
0.000000
0.000000
0.000000
0.000000
0.000000
0.000000
0.000000
16.798721
16.798721
0.000000
0.000000
0.000000
0.000000
18.013885
18.013885
16.798721
16.798721
0.000000
0.000000
0.000000
0.000000
18.013885
18.013885
13.416504
13.416504
0.000000
0.000000
0.000000
0.000000
14.386002
14.386002
0.000000
0.000000
0.000000
0.000000
0.000000
0.000000
0.000000
0.000000
0.000000
0.000000
0.000000
0.000000
0.000000
0.000000
0.000000
0.000000
0.000000
0.000000
0.000000
0.000000
0.000000
0.000000
0.000000
0.000000
0.000000
0.000000
0.000000
0.000000
0.000000
0.000000
0.000000
0.000000
6.673416
6.673416
0.000000
0.000000
0.000000
0.000000
7.154884
7.154884
0.000000
0.000000
0.000000
0.000000
0.000000
0.000000
0.000000
0.000000
26.917236
26.917236
0.000000
0.000000
0.000000
0.000000
28.865112
28.865112
13.416504
13.416504
0.000000
0.000000
0.000000
0.000000
14.386002
14.386002
30.318939
30.318939
0.000000
0.000000
0.000000
0.000000
32.513733
32.513733
23.514252
23.514252
0.000000
0.000000
0.000000
0.000000
25.214996
25.214996
6.673416
6.673416
0.000000
0.000000
0.000000
0.000000
7.154884
7.154884
0.000000
0.000000
0.000000
0.000000
0.000000
0.000000
0.000000
0.000000
0.000000
0.000000
0.000000
0.000000
0.000000
0.000000
0.000000
0.000000
0.000000
0.000000
0.000000
0.000000
0.000000
0.000000
0.000000
0.000000
0.000000
0.000000
0.000000
0.000000
0.000000
0.000000
0.000000
0.000000
16.798721
16.798721
0.000000
0.000000
0.000000
0.000000
18.013885
18.013885
33.616669
33.616669
0.000000
0.000000
0.000000
0.000000
36.048859
36.048859
13.416504
13.416504
0.000000
0.000000
0.000000
0.000000
14.386002
14.386002
0.000000
0.000000
0.000000
0.000000
0.000000
0.000000
0.000000
0.000000
0.000000
0.000000
0.000000
0.000000
0.000000
0.000000
0.000000
0.000000
0.000000
0.000000
0.000000
0.000000
0.000000
0.000000
0.000000
0.000000
0.000000
0.000000
0.000000
0.000000
0.000000
0.000000
0.000000
0.000000
6.673416
6.673416
0.000000
0.000000
0.000000
0.000000
7.154884
7.154884
0.000000
0.000000
0.000000
0.000000
0.000000
0.000000
0.000000
0.000000
13.416504
13.416504
0.000000
0.000000
0.000000
0.000000
14.386002
14.386002
13.416504
13.416504
0.000000
0.000000
0.000000
0.000000
14.386002
14.386002
13.416504
13.416504
0.000000
0.000000
0.000000
0.000000
14.386002
14.386002
13.416504
13.416504
0.000000
0.000000
0.000000
0.000000
14.386002
14.386002
6.673416
6.673416
0.000000
0.000000
0.000000
0.000000
7.154884
7.154884
0.000000
0.000000
0.000000
0.000000
0.000000
0.000000
0.000000
0.000000
0.000000
0.000000
0.000000
0.000000
0.000000
0.000000
0.000000
0.000000
0.000000
0.000000
0.000000
0.000000
0.000000
0.000000
0.000000
0.000000
0.000000
0.000000
0.000000
0.000000
0.000000
0.000000
0.000000
0.000000
13.416504
13.416504
0.000000
0.000000
0.000000
0.000000
14.386002
14.386002
13.416504
13.416504
0.000000
0.000000
0.000000
0.000000
14.386002
14.386002
26.608887
26.608887
0.000000
0.000000
0.000000
0.000000
28.527588
28.527588
0.000000
0.000000
0.000000
0.000000
0.000000
0.000000
0.000000
0.000000
0.000000
0.000000
0.000000
0.000000
0.000000
0.000000
0.000000
0.000000
3.396358
3.396358
0.000000
0.000000
0.000000
0.000000
3.642632
3.642632
3.396358
3.396358
0.000000
0.000000
0.000000
0.000000
3.642632
3.642632
0.000000
0.000000
0.000000
0.000000
0.000000
0.000000
0.000000
0.000000
16.818497
16.818497
0.000000
0.000000
0.000000
0.000000
18.035339
18.035339
0.000000
0.000000
0.000000
0.000000
0.000000
0.000000
0.000000
0.000000
0.000000
0.000000
0.000000
0.000000
0.000000
0.000000
0.000000
0.000000
0.000000
0.000000
0.000000
0.000000
0.000000
0.000000
0.000000
0.000000
0.000000
0.000000
0.000000
0.000000
0.000000
0.000000
0.000000
0.000000
0.000000
0.000000
0.000000
0.000000
0.000000
0.000000
0.000000
0.000000
3.396358
3.396358
0.000000
0.000000
0.000000
0.000000
3.642632
3.642632
10.135010
10.135010
0.000000
0.000000
0.000000
0.000000
10.869019
10.869019
3.396358
3.396358
0.000000
0.000000
0.000000
0.000000
3.642632
3.642632
3.396358
3.396358
0.000000
0.000000
0.000000
0.000000
3.642632
3.642632
0.000000
0.000000
0.000000
0.000000
0.000000
0.000000
0.000000
0.000000
0.000000
0.000000
0.000000
0.000000
0.000000
0.000000
0.000000
0.000000
0.000000
0.000000
0.000000
0.000000
0.000000
0.000000
0.000000
0.000000
20.115219
20.115219
0.000000
0.000000
0.000000
0.000000
21.569351
21.569351
3.396358
3.396358
0.000000
0.000000
0.000000
0.000000
3.642632
3.642632
16.720947
16.720947
0.000000
0.000000
0.000000
0.000000
17.928436
17.928436
20.071823
20.071823
0.000000
0.000000
0.000000
0.000000
21.521591
21.521591
0.000000
0.000000
0.000000
0.000000
0.000000
0.000000
0.000000
0.000000
3.396358
3.396358
0.000000
0.000000
0.000000
0.000000
3.642632
3.642632
0.000000
0.000000
0.000000
0.000000
0.000000
0.000000
0.000000
0.000000
0.000000
0.000000
0.000000
0.000000
0.000000
0.000000
0.000000
0.000000
0.000000
0.000000
0.000000
0.000000
0.000000
0.000000
0.000000
0.000000
0.000000
0.000000
0.000000
0.000000
0.000000
0.000000
0.000000
0.000000
0.000000
0.000000
0.000000
0.000000
0.000000
0.000000
0.000000
0.000000
23.460266
23.460266
0.000000
0.000000
0.000000
0.000000
25.155579
25.155579
3.396358
3.396358
0.000000
0.000000
0.000000
0.000000
3.642632
3.642632
23.460266
23.460266
0.000000
0.000000
0.000000
0.000000
25.155579
25.155579
16.720947
16.720947
0.000000
0.000000
0.000000
0.000000
17.928436
17.928436
0.000000
0.000000
0.000000
0.000000
0.000000
0.000000
0.000000
0.000000
0.000000
0.000000
0.000000
0.000000
0.000000
0.000000
0.000000
0.000000
0.000000
0.000000
0.000000
0.000000
0.000000
0.000000
0.000000
0.000000
3.396358
3.396358
0.000000
0.000000
0.000000
0.000000
3.642632
3.642632
26.784058
26.784058
0.000000
0.000000
0.000000
0.000000
28.719177
28.719177
